##v1.03.21
* rebuild with updated base without ipv6 hardcoded for nginx

##v1.03.20
* remove localhost usage
* add delays between web calls for scans and backups
* dont reverify when adding after verified from the scan

##v1.03.18
* Add tasmota 8.3 naming adjustment
* fixes tiny dark mode adjustments

##v1.03.17
* Add dark mode

##v1.03.14
* Fixup timezone for docker installs
* properly escape username and password for tasmota logins

##v1.03.13
* Have backupall return a html response so HA rest interface doesn't give odd error

##v1.03.12
* fixing remove old addon docker images correctly with hassio dependency on labels
* speed up backups on offline devices

##v1.03.11
* add better json error decoding
* add sonoff mqtt search if searching for tasmotas (old group topic)

##v1.03.10
* Fix disable autoadd for scans

##v1.03.08
* add cron for backupall in docker
* add auto add for scanned devices

##v1.03.07
* fix datatables length and sort
* add select-all to add page
* fixup headers and back links
* add upgrade.php script instead of running on every load
* multithreaded ip scanning
* Only show mqtt scan if mqtt settings are enabled.

##v1.03.06
* Add restore button.
* Update device name, and edit option
* cleanup header/footers
* add htaccess expires
* add favicon and addon logo
* add custom prefix/topic for mqtt scanning
* fix confirmation on delete/restore

##v1.03
* Made install.sh script more reliable, fix permissions for alpine
* multiarch support

##v1.02
* Added delete backup option
* Added remove backups when deleting device

##v1.01
* Added multi select for scan
* Code again cleaned up by patrickdk

##v1.0
* Initial re-release.
* Code tidied up by patrickdk
* Backup list is now based on table and has versions
